# JRE version: Java(TM) SE Runtime Environment (8.0_101-b13) (build 1.8.0_101-b13)
# Java VM: Java HotSpot(TM) 64-Bit Server VM (25.101-b13 mixed mode windows-amd64 compressed oops)
Heap:
 PSYoungGen      total 256000K, used 75818K [0x000000076ab00000, 0x000000077af00000, 0x00000007c0000000)
  eden space 245760K, 26% used [0x000000076ab00000,0x000000076eb0e740,0x0000000779b00000)
  from space 10240K, 99% used [0x000000077a500000,0x000000077aefc2e8,0x000000077af00000)
  to   space 10240K, 0% used [0x0000000779b00000,0x0000000779b00000,0x000000077a500000)
 ParOldGen       total 163840K, used 76194K [0x00000006c0000000, 0x00000006ca000000, 0x000000076ab00000)
  object space 163840K, 46% used [0x00000006c0000000,0x00000006c4a68bf8,0x00000006ca000000)
 Metaspace       used 6044K, capacity 7088K, committed 7296K, reserved 1056768K
  class space    used 585K, capacity 616K, committed 640K, reserved 1048576K
GC Heap History (8 events):
Event: 1.906 GC heap before
{Heap before GC invocations=1 (full 0):
 PSYoungGen      total 71680K, used 61440K [0x000000076ab00000, 0x000000076fb00000, 0x00000007c0000000)
  eden space 61440K, 100% used [0x000000076ab00000,0x000000076e700000,0x000000076e700000)
  from space 10240K, 0% used [0x000000076f100000,0x000000076f100000,0x000000076fb00000)
  to   space 10240K, 0% used [0x000000076e700000,0x000000076e700000,0x000000076f100000)
 ParOldGen       total 163840K, used 0K [0x00000006c0000000, 0x00000006ca000000, 0x000000076ab00000)
  object space 163840K, 0% used [0x00000006c0000000,0x00000006c0000000,0x00000006ca000000)
 Metaspace       used 5725K, capacity 6832K, committed 7040K, reserved 1056768K
  class space    used 583K, capacity 616K, committed 640K, reserved 1048576K
Event: 1.995 GC heap after
Heap after GC invocations=1 (full 0):
 PSYoungGen      total 71680K, used 10236K [0x000000076ab00000, 0x0000000773700000, 0x00000007c0000000)
  eden space 61440K, 0% used [0x000000076ab00000,0x000000076ab00000,0x000000076e700000)
  from space 10240K, 99% used [0x000000076e700000,0x000000076f0ff1e8,0x000000076f100000)
  to   space 10240K, 0% used [0x0000000772d00000,0x0000000772d00000,0x0000000773700000)
 ParOldGen       total 163840K, used 7419K [0x00000006c0000000, 0x00000006ca000000, 0x000000076ab00000)
  object space 163840K, 4% used [0x00000006c0000000,0x00000006c073efa0,0x00000006ca000000)
 Metaspace       used 5725K, capacity 6832K, committed 7040K, reserved 1056768K
  class space    used 583K, capacity 616K, committed 640K, reserved 1048576K
}
Event: 2.545 GC heap before
{Heap before GC invocations=2 (full 0):
 PSYoungGen      total 71680K, used 71676K [0x000000076ab00000, 0x0000000773700000, 0x00000007c0000000)
  eden space 61440K, 100% used [0x000000076ab00000,0x000000076e700000,0x000000076e700000)
  from space 10240K, 99% used [0x000000076e700000,0x000000076f0ff1e8,0x000000076f100000)
  to   space 10240K, 0% used [0x0000000772d00000,0x0000000772d00000,0x0000000773700000)
 ParOldGen       total 163840K, used 7419K [0x00000006c0000000, 0x00000006ca000000, 0x000000076ab00000)
  object space 163840K, 4% used [0x00000006c0000000,0x00000006c073efa0,0x00000006ca000000)
 Metaspace       used 5795K, capacity 6896K, committed 7040K, reserved 1056768K
  class space    used 583K, capacity 616K, committed 640K, reserved 1048576K
Event: 2.582 GC heap after
Heap after GC invocations=2 (full 0):
 PSYoungGen      total 133120K, used 10234K [0x000000076ab00000, 0x0000000773700000, 0x00000007c0000000)
  eden space 122880K, 0% used [0x000000076ab00000,0x000000076ab00000,0x0000000772300000)
  from space 10240K, 99% used [0x0000000772d00000,0x00000007736fe8d0,0x0000000773700000)
  to   space 10240K, 0% used [0x0000000772300000,0x0000000772300000,0x0000000772d00000)
 ParOldGen       total 163840K, used 25869K [0x00000006c0000000, 0x00000006ca000000, 0x000000076ab00000)
  object space 163840K, 15% used [0x00000006c0000000,0x00000006c1943748,0x00000006ca000000)
 Metaspace       used 5795K, capacity 6896K, committed 7040K, reserved 1056768K
  class space    used 583K, capacity 616K, committed 640K, reserved 1048576K
}
Event: 2.947 GC heap before
{Heap before GC invocations=3 (full 0):
 PSYoungGen      total 133120K, used 133114K [0x000000076ab00000, 0x0000000773700000, 0x00000007c0000000)
  eden space 122880K, 100% used [0x000000076ab00000,0x0000000772300000,0x0000000772300000)
  from space 10240K, 99% used [0x0000000772d00000,0x00000007736fe8d0,0x0000000773700000)
  to   space 10240K, 0% used [0x0000000772300000,0x0000000772300000,0x0000000772d00000)
 ParOldGen       total 163840K, used 25869K [0x00000006c0000000, 0x00000006ca000000, 0x000000076ab00000)
  object space 163840K, 15% used [0x00000006c0000000,0x00000006c1943748,0x00000006ca000000)
 Metaspace       used 5984K, capacity 7024K, committed 7296K, reserved 1056768K
  class space    used 583K, capacity 616K, committed 640K, reserved 1048576K
Event: 2.979 GC heap after
Heap after GC invocations=3 (full 0):
 PSYoungGen      total 133120K, used 10237K [0x000000076ab00000, 0x000000077af00000, 0x00000007c0000000)
  eden space 122880K, 0% used [0x000000076ab00000,0x000000076ab00000,0x0000000772300000)
  from space 10240K, 99% used [0x0000000772300000,0x0000000772cff730,0x0000000772d00000)
  to   space 10240K, 0% used [0x000000077a500000,0x000000077a500000,0x000000077af00000)
 ParOldGen       total 163840K, used 55217K [0x00000006c0000000, 0x00000006ca000000, 0x000000076ab00000)
  object space 163840K, 33% used [0x00000006c0000000,0x00000006c35ec598,0x00000006ca000000)
 Metaspace       used 5984K, capacity 7024K, committed 7296K, reserved 1056768K
  class space    used 583K, capacity 616K, committed 640K, reserved 1048576K
}
Event: 3.633 GC heap before
{Heap before GC invocations=4 (full 0):
 PSYoungGen      total 133120K, used 133117K [0x000000076ab00000, 0x000000077af00000, 0x00000007c0000000)
  eden space 122880K, 100% used [0x000000076ab00000,0x0000000772300000,0x0000000772300000)
  from space 10240K, 99% used [0x0000000772300000,0x0000000772cff730,0x0000000772d00000)
  to   space 10240K, 0% used [0x000000077a500000,0x000000077a500000,0x000000077af00000)
 ParOldGen       total 163840K, used 55217K [0x00000006c0000000, 0x00000006ca000000, 0x000000076ab00000)
  object space 163840K, 33% used [0x00000006c0000000,0x00000006c35ec598,0x00000006ca000000)
 Metaspace       used 6017K, capacity 7088K, committed 7296K, reserved 1056768K
  class space    used 585K, capacity 616K, committed 640K, reserved 1048576K
Event: 3.713 GC heap after
Heap after GC invocations=4 (full 0):
 PSYoungGen      total 256000K, used 10224K [0x000000076ab00000, 0x000000077af00000, 0x00000007c0000000)
  eden space 245760K, 0% used [0x000000076ab00000,0x000000076ab00000,0x0000000779b00000)
  from space 10240K, 99% used [0x000000077a500000,0x000000077aefc2e8,0x000000077af00000)
  to   space 10240K, 0% used [0x0000000779b00000,0x0000000779b00000,0x000000077a500000)
 ParOldGen       total 163840K, used 76194K [0x00000006c0000000, 0x00000006ca000000, 0x000000076ab00000)
  object space 163840K, 46% used [0x00000006c0000000,0x00000006c4a68bf8,0x00000006ca000000)
 Metaspace       used 6017K, capacity 7088K, committed 7296K, reserved 1056768K
  class space    used 585K, capacity 616K, committed 640K, reserved 1048576K
}

